[debug] [2020-04-13T03:22:55.028Z] ----------------------------------------------------------------------
[debug] [2020-04-13T03:22:55.029Z] Command:       C:\Program Files\nodejs\node.exe C:\Users\ykp97\AppData\Roaming\npm\node_modules\firebase-tools\lib\bin\firebase.js serve --only hosting
[debug] [2020-04-13T03:22:55.030Z] CLI Version:   8.0.2
[debug] [2020-04-13T03:22:55.030Z] Platform:      win32
[debug] [2020-04-13T03:22:55.030Z] Node Version:  v12.16.1
[debug] [2020-04-13T03:22:55.031Z] Time:          Mon Apr 13 2020 12:22:55 GMT+0900 (GMT+09:00)
[debug] [2020-04-13T03:22:55.031Z] ----------------------------------------------------------------------
[debug] [2020-04-13T03:22:55.031Z] 
[debug] [2020-04-13T03:22:55.039Z] > command requires scopes: ["email","openid","https://www.googleapis.com/auth/cloudplatformprojects.readonly","https://www.googleapis.com/auth/firebase","https://www.googleapis.com/auth/cloud-platform"]
[debug] [2020-04-13T03:22:55.039Z] > authorizing via signed-in user
[debug] [2020-04-13T03:22:55.039Z] [iam] checking project skhu-ykp for permissions ["firebase.projects.get"]
[debug] [2020-04-13T03:22:55.042Z] >>> HTTP REQUEST POST https://cloudresourcemanager.googleapis.com/v1/projects/skhu-ykp:testIamPermissions  
 {"permissions":["firebase.projects.get"]}
[debug] [2020-04-13T03:22:55.933Z] <<< HTTP RESPONSE 200 {"content-type":"application/json; charset=UTF-8","vary":"X-Origin, Referer, Origin,Accept-Encoding","date":"Mon, 13 Apr 2020 03:22:55 GMT","server":"ESF","cache-control":"private","x-xss-protection":"0","x-frame-options":"SAMEORIGIN","x-content-type-options":"nosniff","server-timing":"gfet4t7; dur=669","alt-svc":"quic=\":443\"; ma=2592000; v=\"46,43\",h3-Q050=\":443\"; ma=2592000,h3-Q049=\":443\"; ma=2592000,h3-Q048=\":443\"; ma=2592000,h3-Q046=\":443\"; ma=2592000,h3-Q043=\":443\"; ma=2592000,h3-T050=\":443\"; ma=2592000","accept-ranges":"none","transfer-encoding":"chunked"}
[debug] [2020-04-13T03:22:55.934Z] >>> HTTP REQUEST GET https://firebase.googleapis.com/v1beta1/projects/skhu-ykp  
 
[debug] [2020-04-13T03:22:56.436Z] <<< HTTP RESPONSE 200 {"content-type":"application/json; charset=UTF-8","vary":"X-Origin, Referer, Origin,Accept-Encoding","date":"Mon, 13 Apr 2020 03:22:56 GMT","server":"ESF","cache-control":"private","x-xss-protection":"0","x-frame-options":"SAMEORIGIN","x-content-type-options":"nosniff","alt-svc":"quic=\":443\"; ma=2592000; v=\"46,43\",h3-Q050=\":443\"; ma=2592000,h3-Q049=\":443\"; ma=2592000,h3-Q048=\":443\"; ma=2592000,h3-Q046=\":443\"; ma=2592000,h3-Q043=\":443\"; ma=2592000,h3-T050=\":443\"; ma=2592000","accept-ranges":"none","transfer-encoding":"chunked"}
[debug] [2020-04-13T03:22:56.437Z] >>> HTTP REQUEST GET https://firebase.googleapis.com/v1beta1/projects/skhu-ykp/webApps/-/config  
 
[debug] [2020-04-13T03:22:57.557Z] <<< HTTP RESPONSE 200 {"content-type":"application/json; charset=UTF-8","vary":"X-Origin, Referer, Origin,Accept-Encoding","date":"Mon, 13 Apr 2020 03:22:57 GMT","server":"ESF","cache-control":"private","x-xss-protection":"0","x-frame-options":"SAMEORIGIN","x-content-type-options":"nosniff","alt-svc":"quic=\":443\"; ma=2592000; v=\"46,43\",h3-Q050=\":443\"; ma=2592000,h3-Q049=\":443\"; ma=2592000,h3-Q048=\":443\"; ma=2592000,h3-Q046=\":443\"; ma=2592000,h3-Q043=\":443\"; ma=2592000,h3-T050=\":443\"; ma=2592000","accept-ranges":"none","transfer-encoding":"chunked"}
[info] i  hosting: Serving hosting files from: public
[info] +  hosting: Local server: http://localhost:5000
